<?xml version="1.0" encoding="UTF-8"?>
<coverage generated="1704546275939" clover="3.2.0">
  <project timestamp="1704546275939" name="All files">
    <metrics statements="7" coveredstatements="7" conditionals="2" coveredconditionals="2" methods="5" coveredmethods="5" elements="14" coveredelements="14" complexity="0" loc="7" ncloc="7" packages="1" files="1" classes="1"/>
    <file name="Team.js" path="/Users/kaimac/Desktop/container/src/js/Team.js">
      <metrics statements="7" coveredstatements="7" conditionals="2" coveredconditionals="2" methods="5" coveredmethods="5"/>
      <line num="3" count="5" type="stmt"/>
      <line num="7" count="3" type="cond" truecount="2" falsecount="0"/>
      <line num="8" count="1" type="stmt"/>
      <line num="11" count="2" type="stmt"/>
      <line num="15" count="2" type="stmt"/>
      <line num="16" count="7" type="stmt"/>
      <line num="21" count="2" type="stmt"/>
    </file>
  </project>
</coverage>
